warning: unused imports: `CREATION_FREQUENCY` and `VOICE_FLOW_FREQUENCY`
 --> src\interpreter\mod.rs:5:22
  |
5 |     PatternAnalyzer, CREATION_FREQUENCY, VOICE_FLOW_FREQUENCY,
  |                      ^^^^^^^^^^^^^^^^^^  ^^^^^^^^^^^^^^^^^^^^
  |
  = note: `#[warn(unused_imports)]` on by default

warning: unused import: `Label`
 --> src\ir\lowering.rs:8:37
  |
8 | use super::{FunctionDef, IrProgram, Label, Opcode};
  |                                     ^^^^^

warning: unused import: `PhiValue`
 --> src\ir\lowering.rs:9:52
  |
9 | use crate::parser::{BinaryOperator, PhiExpression, PhiValue, UnaryOperator};
  |                                                    ^^^^^^^^

warning: unused import: `std::collections::HashMap`
  --> src\ir\lowering.rs:10:5
   |
10 | use std::collections::HashMap;
   |     ^^^^^^^^^^^^^^^^^^^^^^^^^

warning: unused import: `QuantumConfig`
 --> src\ir\vm.rs:8:38
  |
8 | use crate::quantum::{QuantumBackend, QuantumConfig, QuantumSimulator};
  |                                      ^^^^^^^^^^^^^

warning: unused import: `ConsciousnessState`
 --> src\ir\vm.rs:9:49
  |
9 | use crate::consciousness::{ConsciousnessBridge, ConsciousnessState};
  |                                                 ^^^^^^^^^^^^^^^^^^

warning: unused imports: `Arc` and `Mutex`
  --> src\ir\vm.rs:11:17
   |
11 | use std::sync::{Arc, Mutex};
   |                 ^^^  ^^^^^

warning: unused doc comment
   --> src\phi_ir\evaluator.rs:184:13
    |
184 | /             /// `witness` ΓÇö pauses to observe program state.
185 | |             /// Returns coherence score as a Number (0.0ΓÇô1.0).
186 | |             /// Records a WitnessEvent in witness_log.
    | |______________________________________________________^
187 | /             PhiIRNode::Witness { target, .. } => {
188 | |                 // Optionally observe a specific operand (for future use by backends).
189 | |                 let _observed = target.and_then(|op| self.get_reg(op).ok().cloned());
...   |
202 | |                 Some(PhiIRValue::Number(coherence))
203 | |             }
    | |_____________- rustdoc does not generate documentation for match arms
    |
    = help: use `//` for a plain comment
    = note: `#[warn(unused_doc_comments)]` on by default

warning: unused doc comment
   --> src\phi_ir\evaluator.rs:205:13
    |
205 | /             /// `intention "Name" { ... }` ΓÇö enter a purposeful scope.
206 | |             /// Pushes intention name; initialises its resonance field slot.
    | |____________________________________________________________________________^
207 | /             PhiIRNode::IntentionPush { name, .. } => {
208 | |                 self.intention_stack.push(name.clone());
209 | |                 self.resonance_field.entry(name.clone()).or_default();
210 | |                 None
211 | |             }
    | |_____________- rustdoc does not generate documentation for match arms
    |
    = help: use `//` for a plain comment

warning: unused doc comment
   --> src\phi_ir\evaluator.rs:213:13
    |
213 |               /// Exit intention scope. Pops the innermost intention name.
    |               ^^^^^^^^^^^^^^^^^^^^^^^^^^^^^^^^^^^^^^^^^^^^^^^^^^^^^^^^^^^^
214 | /             PhiIRNode::IntentionPop => {
215 | |                 self.intention_stack.pop();
216 | |                 None
217 | |             }
    | |_____________- rustdoc does not generate documentation for match arms
    |
    = help: use `//` for a plain comment

warning: unused doc comment
   --> src\phi_ir\evaluator.rs:219:13
    |
219 | /             /// `resonate value` ΓÇö share a value through the resonance field.
220 | |             /// Filed under the current intention name, or "global" if none active.
    | |___________________________________________________________________________________^
221 | /             PhiIRNode::Resonate { value, .. } => {
222 | |                 let key = self
223 | |                     .intention_stack
224 | |                     .last()
...   |
234 | |                 None
235 | |             }
    | |_____________- rustdoc does not generate documentation for match arms
    |
    = help: use `//` for a plain comment

warning: unused doc comment
   --> src\phi_ir\evaluator.rs:237:13
    |
237 |             /// `coherence` ΓÇö evaluate and return current phi-harmonic coherence.
    |             ^^^^^^^^^^^^^^^^^^^^^^^^^^^^^^^^^^^^^^^^^^^^^^^^^^^^^^^^^^^^^^^^^^^^^
238 |             PhiIRNode::CoherenceCheck => Some(PhiIRValue::Number(self.compute_coherence())),
    |             ------------------------------------------------------------------------------- rustdoc does not generate documentation for match arms
    |
    = help: use `//` for a plain comment

warning: unused import: `PhiInstruction`
 --> src\phi_ir\optimizer.rs:9:5
  |
9 |     PhiInstruction,
  |     ^^^^^^^^^^^^^^

warning: unused import: `crate::compiler::lexer::Token`
  --> src\phi_ir\mod.rs:18:5
   |
18 | use crate::compiler::lexer::Token; // Re-using Token if needed, or defining own types
   |     ^^^^^^^^^^^^^^^^^^^^^^^^^^^^^

warning: unused import: `PhiFlowLexer`
 --> src\compiler\parser.rs:4:37
  |
4 | use crate::compiler::lexer::{Token, PhiFlowLexer};
  |                                     ^^^^^^^^^^^^

warning: unused imports: `BrainwaveType`, `ComparisonOperator`, `ConsciousnessCondition`, `ConsciousnessConfig`, `LogicalOperator`, `MatchArm`, `Pattern`, and `QuantumConfig`
  --> src\compiler\parser.rs:7:36
   |
7  |     BinaryOperator, UnaryOperator, ComparisonOperator, LogicalOperator,
   |                                    ^^^^^^^^^^^^^^^^^^  ^^^^^^^^^^^^^^^
8  |     ConsciousnessCondition, ConsciousnessMetric, BrainwaveType,
   |     ^^^^^^^^^^^^^^^^^^^^^^                       ^^^^^^^^^^^^^
9  |     PhiFlowType, Parameter, MatchArm, Pattern,
   |                             ^^^^^^^^  ^^^^^^^
10 |     ConsciousnessConfig, QuantumConfig
   |     ^^^^^^^^^^^^^^^^^^^  ^^^^^^^^^^^^^

warning: unused import: `std::collections::HashMap`
  --> src\compiler\parser.rs:12:5
   |
12 | use std::collections::HashMap;
   |     ^^^^^^^^^^^^^^^^^^^^^^^^^

warning: unused imports: `LogicalOperator` and `PhiFlowType`
 --> src\vm\interpreter.rs:7:49
  |
7 |     ConsciousnessCondition, ComparisonOperator, LogicalOperator,
  |                                                 ^^^^^^^^^^^^^^^
8 |     PhiFlowType
  |     ^^^^^^^^^^^

warning: unused import: `std::process::Command`
 --> src\consciousness\muse_integration.rs:5:5
  |
5 | use std::process::Command;
  |     ^^^^^^^^^^^^^^^^^^^^^

warning: unused import: `SystemTime`
 --> src\consciousness\monitor.rs:6:36
  |
6 | use std::time::{Duration, Instant, SystemTime};
  |                                    ^^^^^^^^^^

warning: unused imports: `Arc` and `Mutex`
 --> src\consciousness\monitor.rs:7:17
  |
7 | use std::sync::{Arc, Mutex};
  |                 ^^^  ^^^^^

warning: unused import: `GlobalAlloc`
 --> src\sacred\phi_memory.rs:6:18
  |
6 | use std::alloc::{GlobalAlloc, Layout};
  |                  ^^^^^^^^^^^

warning: unused import: `async_trait::async_trait`
 --> src\quantum\backends.rs:3:5
  |
3 | use async_trait::async_trait;
  |     ^^^^^^^^^^^^^^^^^^^^^^^^

warning: unused import: `error`
  --> src\quantum\ibm_quantum.rs:10:27
   |
10 | use tracing::{info, warn, error, debug};
   |                           ^^^^^

warning: unused import: `std::collections::HashMap`
 --> src\quantum\types.rs:4:5
  |
4 | use std::collections::HashMap;
  |     ^^^^^^^^^^^^^^^^^^^^^^^^^

warning: unused import: `Duration`
 --> src\cuda\consciousness_gpu.rs:8:17
  |
8 | use std::time::{Duration, Instant};
  |                 ^^^^^^^^

warning: unused import: `std::sync::Arc`
 --> src\cuda\sacred_math_kernels.rs:6:5
  |
6 | use std::sync::Arc;
  |     ^^^^^^^^^^^^^^

warning: unused imports: `Arc` and `Mutex`
 --> src\cuda\frequency_synthesis.rs:9:17
  |
9 | use std::sync::{Arc, Mutex};
  |                 ^^^  ^^^^^

warning: unnecessary parentheses around assigned value
   --> src\cuda\frequency_synthesis.rs:228:34
    |
228 |             let phi_modulation = (phi_phase.sin() * 0.1 + 1.0); // 10% modulation depth
    |                                  ^                           ^
    |
    = note: `#[warn(unused_parens)]` on by default
help: remove these parentheses
    |
228 -             let phi_modulation = (phi_phase.sin() * 0.1 + 1.0); // 10% modulation depth
228 +             let phi_modulation = phi_phase.sin() * 0.1 + 1.0; // 10% modulation depth
    |

warning: unused imports: `Arc` and `Mutex`
 --> src\cuda\memory_management.rs:9:17
  |
9 | use std::sync::{Arc, Mutex};
  |                 ^^^  ^^^^^

warning: unused import: `QuantumGate`
 --> src\cuda\quantum_cuda.rs:7:22
  |
7 | use crate::quantum::{QuantumGate, QuantumState};
  |                      ^^^^^^^^^^^

warning: unused imports: `Arc` and `Mutex`
 --> src\cuda\quantum_cuda.rs:9:17
  |
9 | use std::sync::{Arc, Mutex};
  |                 ^^^  ^^^^^

warning: unused import: `std::sync::Arc`
  --> src\cuda\mod.rs:28:5
   |
28 | use std::sync::Arc;
   |     ^^^^^^^^^^^^^^

warning: unused import: `crate::consciousness::consciousness_math::ConsciousnessState`
 --> src\hardware\device_mapping.rs:3:5
  |
3 | use crate::consciousness::consciousness_math::ConsciousnessState;
  |     ^^^^^^^^^^^^^^^^^^^^^^^^^^^^^^^^^^^^^^^^^^^^^^^^^^^^^^^^^^^^

warning: unused import: `std::collections::HashMap`
 --> src\bio_compute\dna_interface.rs:5:5
  |
5 | use std::collections::HashMap;
  |     ^^^^^^^^^^^^^^^^^^^^^^^^^

warning: unused variable: `pattern`
   --> src\ir\vm.rs:276:33
    |
276 |                     if let Some(pattern) = self.stack.pop() {
    |                                 ^^^^^^^ help: if this is intentional, prefix it with an underscore: `_pattern`
    |
    = note: `#[warn(unused_variables)]` on by default

warning: unused variable: `phi`
   --> src\consciousness\bridge.rs:209:13
    |
209 |         let phi = 1.618033988749895;
    |             ^^^ help: if this is intentional, prefix it with an underscore: `_phi`

warning: unused variable: `command_rx`
   --> src\consciousness\muse_integration.rs:121:30
    |
121 |         let (command_tx, mut command_rx) = mpsc::channel::<ConsciousnessCommand>(100);
    |                              ^^^^^^^^^^ help: if this is intentional, prefix it with an underscore: `_command_rx`

warning: unused variable: `muse_tx`
   --> src\consciousness\muse_integration.rs:122:14
    |
122 |         let (muse_tx, muse_rx) = mpsc::channel::<MuseData>(100);
    |              ^^^^^^^ help: if this is intentional, prefix it with an underscore: `_muse_tx`

warning: variable does not need to be mutable
   --> src\consciousness\muse_integration.rs:109:13
    |
109 |         let mut child = AsyncCommand::new("python3")
    |             ----^^^^^
    |             |
    |             help: remove this `mut`
    |
    = note: `#[warn(unused_mut)]` on by default

warning: variable does not need to be mutable
   --> src\consciousness\muse_integration.rs:121:26
    |
121 |         let (command_tx, mut command_rx) = mpsc::channel::<ConsciousnessCommand>(100);
    |                          ----^^^^^^^^^^
    |                          |
    |                          help: remove this `mut`

warning: unused variable: `parameters`
   --> src\interpreter\mod.rs:304:17
    |
304 |                 parameters,
    |                 ^^^^^^^^^^ help: try ignoring the field: `parameters: _`

warning: unused variable: `return_type`
   --> src\interpreter\mod.rs:305:17
    |
305 |                 return_type,
    |                 ^^^^^^^^^^^ help: try ignoring the field: `return_type: _`

warning: unused variable: `body`
   --> src\interpreter\mod.rs:306:17
    |
306 |                 body,
    |                 ^^^^ help: try ignoring the field: `body: _`

warning: unused variable: `immediate_action`
   --> src\interpreter\mod.rs:914:17
    |
914 |                 immediate_action,
    |                 ^^^^^^^^^^^^^^^^ help: try ignoring the field: `immediate_action: _`

warning: unused variable: `name`
   --> src\parser\mod.rs:752:34
    |
752 |             PhiToken::Identifier(name) => {
    |                                  ^^^^ help: if this is intentional, prefix it with an underscore: `_name`

warning: variable `intention` is assigned to, but never used
    --> src\parser\mod.rs:1603:17
     |
1603 |         let mut intention = String::new();
     |                 ^^^^^^^^^
     |
     = note: consider using `_intention` instead

warning: value assigned to `intention` is never read
    --> src\parser\mod.rs:1631:21
     |
1631 |                     intention = self.expect_string()?;
     |                     ^^^^^^^^^
     |
     = help: maybe it is overwritten before being read?
     = note: `#[warn(unused_assignments)]` on by default

warning: unused variable: `device_type`
    --> src\parser\mod.rs:1664:17
     |
1664 |         let mut device_type = String::new();
     |                 ^^^^^^^^^^^ help: if this is intentional, prefix it with an underscore: `_device_type`

warning: variable does not need to be mutable
    --> src\parser\mod.rs:1664:13
     |
1664 |         let mut device_type = String::new();
     |             ----^^^^^^^^^^^
     |             |
     |             help: remove this `mut`

warning: unused variable: `protocol_name`
    --> src\parser\mod.rs:1695:13
     |
1695 |         let protocol_name = self.expect_identifier()?;
     |             ^^^^^^^^^^^^^ help: if this is intentional, prefix it with an underscore: `_protocol_name`

warning: unused variable: `program_name`
    --> src\parser\mod.rs:1832:13
     |
1832 |         let program_name = self.expect_identifier()?;
     |             ^^^^^^^^^^^^ help: if this is intentional, prefix it with an underscore: `_program_name`

warning: unused variable: `bridge_name`
    --> src\parser\mod.rs:1857:13
     |
1857 |         let bridge_name = self.expect_identifier()?;
     |             ^^^^^^^^^^^ help: if this is intentional, prefix it with an underscore: `_bridge_name`

warning: unused variable: `variable`
   --> src\phi_ir\lowering.rs:464:13
    |
464 |             variable,
    |             ^^^^^^^^ help: try ignoring the field: `variable: _`

warning: unused variable: `iterable`
   --> src\phi_ir\lowering.rs:465:13
    |
465 |             iterable,
    |             ^^^^^^^^ help: try ignoring the field: `iterable: _`

warning: unused variable: `body`
   --> src\phi_ir\lowering.rs:466:13
    |
466 |             body,
    |             ^^^^ help: try ignoring the field: `body: _`

warning: variable does not need to be mutable
   --> src\phi_ir\optimizer.rs:366:28
    |
366 |             let (body2_id, mut body2_block) = Self::clone_block(
    |                            ----^^^^^^^^^^^
    |                            |
    |                            help: remove this `mut`

warning: variable does not need to be mutable
   --> src\phi_ir\optimizer.rs:458:13
    |
458 |         let mut map_op = |op: &mut Operand| {
    |             ----^^^^^^
    |             |
    |             help: remove this `mut`

warning: unused variable: `i`
  --> src\phi_ir\printer.rs:30:18
   |
30 |             for (i, instr) in block.instructions.iter().enumerate() {
   |                  ^ help: if this is intentional, prefix it with an underscore: `_i`

warning: unused variable: `delta_ratio`
   --> src\consciousness\monitor.rs:157:13
    |
157 |         let delta_ratio = self.delta_power / total_power;
    |             ^^^^^^^^^^^ help: if this is intentional, prefix it with an underscore: `_delta_ratio`

warning: unused variable: `modulation`
   --> src\consciousness\monitor.rs:325:13
    |
325 |         let modulation = self.frequency_generator.create_consciousness_frequency_modulation(coherence);
    |             ^^^^^^^^^^ help: if this is intentional, prefix it with an underscore: `_modulation`

warning: unused variable: `pool_size`
   --> src\sacred\phi_memory.rs:175:14
    |
175 |         for (pool_size, pool) in &self.phi_pools {
    |              ^^^^^^^^^ help: if this is intentional, prefix it with an underscore: `_pool_size`

warning: unused variable: `algorithm`
   --> src\cuda\consciousness_gpu.rs:834:21
    |
834 |         if let Some(algorithm) = self.enhancement_algorithms.get(&state) {
    |                     ^^^^^^^^^ help: if this is intentional, prefix it with an underscore: `_algorithm`

warning: unused variable: `err`
  --> src\cuda\mod.rs:13:13
   |
13 |     fn from(err: crate::quantum::QuantumError) -> Self {
   |             ^^^ help: if this is intentional, prefix it with an underscore: `_err`

warning: unused variable: `target_qubits`
   --> src\cuda\quantum_cuda.rs:356:9
    |
356 |         target_qubits: &[u32],
    |         ^^^^^^^^^^^^^ help: if this is intentional, prefix it with an underscore: `_target_qubits`

warning: unused variable: `gate`
   --> src\cuda\quantum_cuda.rs:393:9
    |
393 |         gate: &CudaQuantumGate,
    |         ^^^^ help: if this is intentional, prefix it with an underscore: `_gate`

warning: unused variable: `msg`
   --> src\cuda\quantum_cuda.rs:854:40
    |
854 |     pub fn InvalidQuantumConfiguration(msg: String) -> Self {
    |                                        ^^^ help: if this is intentional, prefix it with an underscore: `_msg`

warning: unused variable: `kernel`
   --> src\cuda\mod.rs:349:13
    |
349 |         let kernel = self
    |             ^^^^^^ help: if this is intentional, prefix it with an underscore: `_kernel`

warning: unused variable: `device`
   --> src\hardware\consciousness_detection.rs:125:51
    |
125 |             ConsciousnessSource::KeyboardRhythm { device, optimal_interval_ms, recent_intervals } => {
    |                                                   ^^^^^^ help: try ignoring the field: `device: _`

warning: unused variable: `displays`
   --> src\hardware\consciousness_detection.rs:150:55
    |
150 |             ConsciousnessSource::MonitorFrequencies { displays, sync_level } => {
    |                                                       ^^^^^^^^ help: try ignoring the field: `displays: _`

warning: unused variable: `resonance_frequencies`
   --> src\bio_compute\dna_interface.rs:109:13
    |
109 |         let resonance_frequencies = self.calculate_phi_harmonic_frequencies(dna_strand, repair_intent);
    |             ^^^^^^^^^^^^^^^^^^^^^ help: if this is intentional, prefix it with an underscore: `_resonance_frequencies`

warning: unused variable: `dna`
   --> src\bio_compute\dna_interface.rs:232:50
    |
232 |     fn calculate_phi_harmonic_frequencies(&self, dna: &str, intent: &str) -> Vec<f64> {
    |                                                  ^^^ help: if this is intentional, prefix it with an underscore: `_dna`

warning: fields `pattern_analyzer` and `audio_synthesizer` are never read
  --> src\interpreter\mod.rs:16:5
   |
10 | pub struct PhiInterpreter {
   |            -------------- fields in this struct
...
16 |     pattern_analyzer: PatternAnalyzer,
   |     ^^^^^^^^^^^^^^^^
17 |     audio_synthesizer: AudioSynthesizer,
   |     ^^^^^^^^^^^^^^^^^
   |
   = note: `#[warn(dead_code)]` on by default

warning: method `intention_aligns_with` is never used
    --> src\interpreter\mod.rs:1044:8
     |
35   | impl PhiInterpreter {
     | ------------------- method in this implementation
...
1044 |     fn intention_aligns_with(&self, operation: &str) -> bool {
     |        ^^^^^^^^^^^^^^^^^^^^^

warning: field `call_stack` is never read
  --> src\ir\vm.rs:23:5
   |
14 | pub struct PhiVm {
   |            ----- field in this struct
...
23 |     call_stack: Vec<Frame>,
   |     ^^^^^^^^^^

warning: fields `return_ip` and `locals` are never read
  --> src\ir\vm.rs:44:5
   |
43 | struct Frame {
   |        ----- fields in this struct
44 |     return_ip: usize,
   |     ^^^^^^^^^
45 |     locals: HashMap<String, PhiValue>,
   |     ^^^^^^

warning: field `scope` is never read
  --> src\phi_ir\lowering.rs:41:5
   |
26 | struct LoweringContext {
   |        --------------- field in this struct
...
41 |     scope: HashMap<String, Operand>,
   |     ^^^^^

warning: field `left_expr` is never read
  --> src\vm\interpreter.rs:83:9
   |
79 |     BinaryOp {
   |     -------- field in this variant
...
83 |         left_expr: Option<PhiFlowExpression>,
   |         ^^^^^^^^^
   |
   = note: `EvaluationFrame` has derived impls for the traits `Clone` and `Debug`, but these are intentionally ignored during dead code analysis

warning: field `operand_expr` is never read
  --> src\vm\interpreter.rs:89:9
   |
86 |     UnaryOp {
   |     ------- field in this variant
...
89 |         operand_expr: Option<PhiFlowExpression>,
   |         ^^^^^^^^^^^^
   |
   = note: `EvaluationFrame` has derived impls for the traits `Clone` and `Debug`, but these are intentionally ignored during dead code analysis

warning: field `operation_expr` is never read
  --> src\vm\interpreter.rs:94:9
   |
91 |     SacredFrequency {
   |     --------------- field in this variant
...
94 |         operation_expr: Option<PhiFlowExpression>,
   |         ^^^^^^^^^^^^^^
   |
   = note: `EvaluationFrame` has derived impls for the traits `Clone` and `Debug`, but these are intentionally ignored during dead code analysis

warning: fields `content` and `target_expr` are never read
   --> src\vm\interpreter.rs:128:9
    |
127 |     Intention {
    |     --------- fields in this variant
128 |         content: String,
    |         ^^^^^^^
129 |         target_expr: PhiFlowExpression,
    |         ^^^^^^^^^^^
    |
    = note: `EvaluationFrame` has derived impls for the traits `Clone` and `Debug`, but these are intentionally ignored during dead code analysis

warning: field `target_expr` is never read
   --> src\vm\interpreter.rs:133:9
    |
132 |     Witness {
    |     ------- field in this variant
133 |         target_expr: PhiFlowExpression,
    |         ^^^^^^^^^^^
    |
    = note: `EvaluationFrame` has derived impls for the traits `Clone` and `Debug`, but these are intentionally ignored during dead code analysis

warning: field `quantum_backend` is never read
   --> src\vm\interpreter.rs:203:5
    |
199 | pub struct PhiFlowInterpreter {
    |            ------------------ field in this struct
...
203 |     quantum_backend: Arc<Mutex<QuantumBackend>>,
    |     ^^^^^^^^^^^^^^^

warning: multiple methods are never used
    --> src\vm\interpreter.rs:737:8
     |
210  | impl PhiFlowInterpreter {
     | ----------------------- methods in this implementation
...
737  |     fn evaluate_expression_simple(&self, expr: &PhiFlowExpression) -> RuntimeResult<PhiFlowValue> {
     |        ^^^^^^^^^^^^^^^^^^^^^^^^^^
...
808  |     async fn evaluate_binary_op(
     |              ^^^^^^^^^^^^^^^^^^
...
838  |     async fn evaluate_unary_op(
     |              ^^^^^^^^^^^^^^^^^
...
887  |     async fn evaluate_sacred_frequency(
     |              ^^^^^^^^^^^^^^^^^^^^^^^^^
...
897  |     async fn evaluate_frequency_lock(&mut self, target_frequency: u32, threshold: f64, action: &PhiFlowExpression) -> RuntimeResult<PhiFl...
     |              ^^^^^^^^^^^^^^^^^^^^^^^
...
917  |     async fn evaluate_consciousness_binding(
     |              ^^^^^^^^^^^^^^^^^^^^^^^^^^^^^^
...
938  |     async fn evaluate_consciousness_monitor(
     |              ^^^^^^^^^^^^^^^^^^^^^^^^^^^^^^
...
979  |     async fn evaluate_consciousness_condition(
     |              ^^^^^^^^^^^^^^^^^^^^^^^^^^^^^^^^
...
996  |     fn check_consciousness_condition(&self, condition: &ConsciousnessCondition) -> RuntimeResult<bool> {
     |        ^^^^^^^^^^^^^^^^^^^^^^^^^^^^^
...
1031 |     async fn evaluate_quantum_circuit(
     |              ^^^^^^^^^^^^^^^^^^^^^^^^
...
1061 |     async fn evaluate_quantum_gate(
     |              ^^^^^^^^^^^^^^^^^^^^^
...
1078 |     fn apply_quantum_gate(
     |        ^^^^^^^^^^^^^^^^^^
...
1194 |     fn apply_hadamard_gate(&self, amplitudes: &mut [num_complex::Complex64], qubit_index: usize) {
     |        ^^^^^^^^^^^^^^^^^^^
...
1210 |     fn apply_pauli_x_gate(&self, amplitudes: &mut [num_complex::Complex64], qubit_index: usize) {
     |        ^^^^^^^^^^^^^^^^^^
...
1219 |     fn apply_phase_gate(&self, amplitudes: &mut [num_complex::Complex64], phase: f64) {
     |        ^^^^^^^^^^^^^^^^
...
1226 |     fn apply_pauli_y_gate(&self, amplitudes: &mut [num_complex::Complex64], qubit_index: usize) {
     |        ^^^^^^^^^^^^^^^^^^
...
1240 |     fn apply_pauli_z_gate(&self, amplitudes: &mut [num_complex::Complex64], qubit_index: usize) {
     |        ^^^^^^^^^^^^^^^^^^
...
1249 |     fn apply_rotation_y_gate(&self, amplitudes: &mut [num_complex::Complex64], qubit_index: usize, angle: f64) {
     |        ^^^^^^^^^^^^^^^^^^^^^
...
1272 |     fn apply_rotation_z_gate(&self, amplitudes: &mut [num_complex::Complex64], qubit_index: usize, angle: f64) {
     |        ^^^^^^^^^^^^^^^^^^^^^
...
1285 |     fn apply_cnot_gate(&self, amplitudes: &mut [num_complex::Complex64], control_index: usize, target_index: usize) {
     |        ^^^^^^^^^^^^^^^

warning: fields `base_frequency`, `strength`, and `patterns` are never read
  --> src\consciousness\bridge.rs:74:5
   |
72 | pub struct PhiHarmonicField {
   |            ---------------- fields in this struct
73 |     /// Base frequency (usually 432 Hz for grounding)
74 |     base_frequency: f64,
   |     ^^^^^^^^^^^^^^
...
80 |     strength: f64,
   |     ^^^^^^^^
...
83 |     patterns: HashMap<String, Vec<f64>>,
   |     ^^^^^^^^
   |
   = note: `PhiHarmonicField` has derived impls for the traits `Clone` and `Debug`, but these are intentionally ignored during dead code analysis

warning: field `frequencies` is never read
  --> src\consciousness\sacred_geometry.rs:15:5
   |
10 | pub struct SacredGeometryGenerator {
   |            ----------------------- field in this struct
...
15 |     frequencies: Vec<f64>,
   |     ^^^^^^^^^^^

warning: fields `sample_rate` and `coherence_threshold` are never read
   --> src\consciousness\monitor.rs:214:5
    |
208 | pub struct ConsciousnessMonitor {
    |            -------------------- fields in this struct
...
214 |     sample_rate: u32,
    |     ^^^^^^^^^^^
215 |     history_size: usize,
216 |     coherence_threshold: f64,
    |     ^^^^^^^^^^^^^^^^^^^

warning: fields `base_size`, `phi_scaled_sizes`, and `cache_line_alignment` are never read
  --> src\sacred\phi_memory.rs:36:5
   |
35 | pub struct PhiMemoryPool {
   |            ------------- fields in this struct
36 |     base_size: usize,
   |     ^^^^^^^^^
37 |     phi_scaled_sizes: Vec<usize>,
   |     ^^^^^^^^^^^^^^^^
38 |     allocated_blocks: Vec<PhiMemoryBlock>,
39 |     cache_line_alignment: usize,
   |     ^^^^^^^^^^^^^^^^^^^^
   |
   = note: `PhiMemoryPool` has a derived impl for the trait `Debug`, but this is intentionally ignored during dead code analysis

warning: field `harmonic_cache` is never read
  --> src\sacred\frequency_generator.rs:67:5
   |
61 | pub struct SacredFrequencyGenerator {
   |            ------------------------ field in this struct
...
67 |     harmonic_cache: HashMap<SacredFrequency, Vec<f64>>,
   |     ^^^^^^^^^^^^^^

warning: field `phi_timing_enabled` is never read
   --> src\sacred\frequency_generator.rs:308:5
    |
305 | pub struct SacredFrequencyScheduler {
    |            ------------------------ field in this struct
...
308 |     phi_timing_enabled: bool,
    |     ^^^^^^^^^^^^^^^^^^

warning: field `confidence_threshold` is never read
  --> src\cuda\consciousness_gpu.rs:50:5
   |
46 | pub struct ClassificationPipeline {
   |            ---------------------- field in this struct
...
50 |     confidence_threshold: f32,
   |     ^^^^^^^^^^^^^^^^^^^^

warning: fields `name`, `feature_type`, `window_size_ms`, `phi_enhancement`, and `gpu_accelerated` are never read
  --> src\cuda\consciousness_gpu.rs:56:5
   |
55 | pub struct FeatureExtractor {
   |            ---------------- fields in this struct
56 |     name: String,
   |     ^^^^
57 |     feature_type: FeatureType,
   |     ^^^^^^^^^^^^
58 |     window_size_ms: u32,
   |     ^^^^^^^^^^^^^^
59 |     phi_enhancement: bool,
   |     ^^^^^^^^^^^^^^^
60 |     gpu_accelerated: bool,
   |     ^^^^^^^^^^^^^^^

warning: fields `target_frequency`, `correlation_window`, `coherence_threshold`, `phi_modulation`, and `gpu_buffer` are never read
  --> src\cuda\consciousness_gpu.rs:77:5
   |
76 | pub struct FrequencyCorrelator {
   |            ------------------- fields in this struct
77 |     target_frequency: SacredFrequency,
   |     ^^^^^^^^^^^^^^^^
78 |     correlation_window: u32,
   |     ^^^^^^^^^^^^^^^^^^
79 |     coherence_threshold: f32,
   |     ^^^^^^^^^^^^^^^^^^^
80 |     phi_modulation: bool,
   |     ^^^^^^^^^^^^^^
81 |     gpu_buffer: Option<*mut f32>,
   |     ^^^^^^^^^^

warning: fields `classifier_type`, `model_parameters`, `confidence_threshold`, and `sacred_frequency_weights` are never read
  --> src\cuda\consciousness_gpu.rs:86:5
   |
85 | pub struct StateClassifier {
   |            --------------- fields in this struct
86 |     classifier_type: ClassifierType,
   |     ^^^^^^^^^^^^^^^
87 |     model_parameters: Vec<f32>,
   |     ^^^^^^^^^^^^^^^^
88 |     confidence_threshold: f32,
   |     ^^^^^^^^^^^^^^^^^^^^
89 |     sacred_frequency_weights: HashMap<SacredFrequency, f32>,
   |     ^^^^^^^^^^^^^^^^^^^^^^^^

warning: fields `name`, `target_state`, `enhancement_factor`, `sacred_frequencies`, `phi_scaling`, and `gpu_kernels` are never read
   --> src\cuda\consciousness_gpu.rs:125:5
    |
124 | pub struct EnhancementAlgorithm {
    |            -------------------- fields in this struct
125 |     name: String,
    |     ^^^^
126 |     target_state: ConsciousnessState,
    |     ^^^^^^^^^^^^
127 |     enhancement_factor: f32,
    |     ^^^^^^^^^^^^^^^^^^
128 |     sacred_frequencies: Vec<SacredFrequency>,
    |     ^^^^^^^^^^^^^^^^^^
129 |     phi_scaling: f32,
    |     ^^^^^^^^^^^
130 |     gpu_kernels: Vec<String>,
    |     ^^^^^^^^^^^

warning: fields `lambda_constant`, `fibonacci_sequence`, `golden_ratio_scaling`, and `harmonic_enhancement` are never read
   --> src\cuda\consciousness_gpu.rs:136:5
    |
134 | pub struct PhiOptimization {
    |            --------------- fields in this struct
135 |     phi_constant: f32,
136 |     lambda_constant: f32,
    |     ^^^^^^^^^^^^^^^
137 |     fibonacci_sequence: Vec<u32>,
    |     ^^^^^^^^^^^^^^^^^^
138 |     golden_ratio_scaling: bool,
    |     ^^^^^^^^^^^^^^^^^^^^
139 |     harmonic_enhancement: bool,
    |     ^^^^^^^^^^^^^^^^^^^^

warning: fields `synthesis_buffer`, `sample_rate`, `phi_modulation`, and `consciousness_synchronized` are never read
   --> src\cuda\consciousness_gpu.rs:145:5
    |
143 | pub struct SacredFrequencyGenerator {
    |            ------------------------ fields in this struct
144 |     current_frequency: SacredFrequency,
145 |     synthesis_buffer: Vec<f32>,
    |     ^^^^^^^^^^^^^^^^
146 |     sample_rate: f32,
    |     ^^^^^^^^^^^
147 |     phi_modulation: bool,
    |     ^^^^^^^^^^^^^^
148 |     consciousness_synchronized: bool,
    |     ^^^^^^^^^^^^^^^^^^^^^^^^^^

warning: fields `left_frequency`, `right_frequency`, and `phi_enhanced` are never read
   --> src\cuda\consciousness_gpu.rs:153:5
    |
152 | pub struct BinauralBeatGenerator {
    |            --------------------- fields in this struct
153 |     left_frequency: f32,
    |     ^^^^^^^^^^^^^^
154 |     right_frequency: f32,
    |     ^^^^^^^^^^^^^^^
...
157 |     phi_enhanced: bool,
    |     ^^^^^^^^^^^^

warning: fields `amplification_factor`, `sacred_frequency_resonance`, and `phi_harmonic_enhancement` are never read
   --> src\cuda\consciousness_gpu.rs:163:5
    |
161 | pub struct CoherenceAmplifier {
    |            ------------------ fields in this struct
162 |     target_coherence: f32,
163 |     amplification_factor: f32,
    |     ^^^^^^^^^^^^^^^^^^^^
164 |     sacred_frequency_resonance: bool,
    |     ^^^^^^^^^^^^^^^^^^^^^^^^^^
165 |     phi_harmonic_enhancement: bool,
    |     ^^^^^^^^^^^^^^^^^^^^^^^^

warning: fields `sacred_frequency_alignment` and `enhancement_active` are never read
   --> src\cuda\consciousness_gpu.rs:173:5
    |
169 | pub struct CoherenceTracker {
    |            ---------------- fields in this struct
...
173 |     sacred_frequency_alignment: HashMap<SacredFrequency, f32>,
    |     ^^^^^^^^^^^^^^^^^^^^^^^^^^
174 |     enhancement_active: bool,
    |     ^^^^^^^^^^^^^^^^^^

warning: fields `device_properties` and `memory_manager` are never read
  --> src\cuda\sacred_math_kernels.rs:32:5
   |
30 | pub struct SacredMathKernels {
   |            ----------------- fields in this struct
31 |     kernel_cache: HashMap<String, CudaKernelInfo>,
32 |     device_properties: CudaDeviceProperties,
   |     ^^^^^^^^^^^^^^^^^
33 |     memory_manager: SacredMemoryManager,
   |     ^^^^^^^^^^^^^^

warning: fields `total_allocated`, `peak_usage`, and `allocation_count` are never read
  --> src\cuda\sacred_math_kernels.rs:69:5
   |
67 | pub struct SacredMemoryManager {
   |            ------------------- fields in this struct
68 |     phi_aligned_pools: HashMap<String, PhiAlignedMemoryPool>,
69 |     total_allocated: usize,
   |     ^^^^^^^^^^^^^^^
70 |     peak_usage: usize,
   |     ^^^^^^^^^^
71 |     allocation_count: u64,
   |     ^^^^^^^^^^^^^^^^
   |
   = note: `SacredMemoryManager` has a derived impl for the trait `Debug`, but this is intentionally ignored during dead code analysis

warning: field `buffer_size` is never read
  --> src\cuda\frequency_synthesis.rs:16:5
   |
12 | pub struct FrequencyGpuSynthesizer {
   |            ----------------------- field in this struct
...
16 |     buffer_size: usize,
   |     ^^^^^^^^^^^

warning: fields `sine_wave_kernel`, `sacred_harmonic_kernel`, `phi_modulation_kernel`, `consciousness_sync_kernel`, and `waveform_mixing_kernel` are never read
  --> src\cuda\frequency_synthesis.rs:26:5
   |
25 | pub struct SynthesisKernels {
   |            ---------------- fields in this struct
26 |     sine_wave_kernel: String,
   |     ^^^^^^^^^^^^^^^^
27 |     sacred_harmonic_kernel: String,
   |     ^^^^^^^^^^^^^^^^^^^^^^
28 |     phi_modulation_kernel: String,
   |     ^^^^^^^^^^^^^^^^^^^^^
29 |     consciousness_sync_kernel: String,
   |     ^^^^^^^^^^^^^^^^^^^^^^^^^
30 |     waveform_mixing_kernel: String,
   |     ^^^^^^^^^^^^^^^^^^^^^^

warning: fields `phi_modulation` and `consciousness_enhancement` are never read
  --> src\cuda\frequency_synthesis.rs:39:5
   |
34 | pub struct WaveformGenerator {
   |            ----------------- fields in this struct
...
39 |     phi_modulation: bool,
   |     ^^^^^^^^^^^^^^
40 |     consciousness_enhancement: bool,
   |     ^^^^^^^^^^^^^^^^^^^^^^^^^

warning: field `phi_scaling` is never read
  --> src\cuda\frequency_synthesis.rs:49:5
   |
44 | pub struct ConsciousnessSyncEngine {
   |            ----------------------- field in this struct
...
49 |     phi_scaling: bool,
   |     ^^^^^^^^^^^

warning: fields `input_buffer`, `output_buffer`, `synthesis_buffer`, and `harmonic_buffer` are never read
  --> src\cuda\frequency_synthesis.rs:54:5
   |
53 | pub struct FrequencyGpuBuffers {
   |            ------------------- fields in this struct
54 |     input_buffer: *mut f32,
   |     ^^^^^^^^^^^^
55 |     output_buffer: *mut f32,
   |     ^^^^^^^^^^^^^
56 |     synthesis_buffer: *mut f32,
   |     ^^^^^^^^^^^^^^^^
57 |     harmonic_buffer: *mut f32,
   |     ^^^^^^^^^^^^^^^

warning: fields `consciousness_state` and `enhancement_factor` are never read
  --> src\cuda\memory_management.rs:40:5
   |
39 | pub struct ConsciousnessMemoryPool {
   |            ----------------------- fields in this struct
40 |     consciousness_state: ConsciousnessState,
   |     ^^^^^^^^^^^^^^^^^^^
41 |     base_pool: CudaMemoryPool,
42 |     enhancement_factor: f32,
   |     ^^^^^^^^^^^^^^^^^^

warning: field `sacred_frequency` is never read
  --> src\cuda\memory_management.rs:50:5
   |
49 | pub struct FrequencyMemoryPool {
   |            ------------------- field in this struct
50 |     sacred_frequency: SacredFrequency,
   |     ^^^^^^^^^^^^^^^^

warning: fields `compaction_strategy`, `automatic_cleanup`, and `optimization_interval_ms` are never read
  --> src\cuda\memory_management.rs:80:5
   |
78 | pub struct MemoryOptimizationEngine {
   |            ------------------------ fields in this struct
79 |     defragmentation_threshold: f32,
80 |     compaction_strategy: CompactionStrategy,
   |     ^^^^^^^^^^^^^^^^^^^
81 |     pool_rebalancing: bool,
82 |     automatic_cleanup: bool,
   |     ^^^^^^^^^^^^^^^^^
83 |     optimization_interval_ms: u64,
   |     ^^^^^^^^^^^^^^^^^^^^^^^^

warning: fields `rt_core_optimization` and `ampere_specific_features` are never read
  --> src\cuda\memory_management.rs:92:5
   |
87 | pub struct A5500MemoryOptimizer {
   |            -------------------- fields in this struct
...
92 |     rt_core_optimization: bool,
   |     ^^^^^^^^^^^^^^^^^^^^
93 |     ampere_specific_features: AmpereMemoryFeatures,
   |     ^^^^^^^^^^^^^^^^^^^^^^^^

warning: fields `buffer_ptr` and `size` are never read
   --> src\cuda\memory_management.rs:140:5
    |
139 | pub struct CoherenceBuffer {
    |            --------------- fields in this struct
140 |     buffer_ptr: *mut f32,
    |     ^^^^^^^^^^
141 |     size: usize,
    |     ^^^^

warning: fields `buffer_ptr` and `size` are never read
   --> src\cuda\memory_management.rs:146:5
    |
145 | pub struct ClassificationBuffer {
    |            -------------------- fields in this struct
146 |     buffer_ptr: *mut f32,
    |     ^^^^^^^^^^
147 |     size: usize,
    |     ^^^^

warning: fields `buffer_ptr` and `size` are never read
   --> src\cuda\memory_management.rs:152:5
    |
151 | pub struct PatternBuffer {
    |            ------------- fields in this struct
152 |     buffer_ptr: *mut f32,
    |     ^^^^^^^^^^
153 |     size: usize,
    |     ^^^^

warning: fields `buffer_ptr`, `size`, and `sample_rate` are never read
   --> src\cuda\memory_management.rs:158:5
    |
157 | pub struct WaveformBuffer {
    |            -------------- fields in this struct
158 |     buffer_ptr: *mut f32,
    |     ^^^^^^^^^^
159 |     size: usize,
    |     ^^^^
160 |     sample_rate: f32,
    |     ^^^^^^^^^^^

warning: fields `buffer_ptr` and `size` are never read
   --> src\cuda\memory_management.rs:164:5
    |
163 | pub struct HarmonicBuffer {
    |            -------------- fields in this struct
164 |     buffer_ptr: *mut f32,
    |     ^^^^^^^^^^
165 |     size: usize,
    |     ^^^^

warning: fields `buffer_ptr` and `size` are never read
   --> src\cuda\memory_management.rs:170:5
    |
169 | pub struct SynthesisBuffer {
    |            --------------- fields in this struct
170 |     buffer_ptr: *mut f32,
    |     ^^^^^^^^^^
171 |     size: usize,
    |     ^^^^

warning: fields `buffer_ptr` and `size` are never read
   --> src\cuda\memory_management.rs:176:5
    |
175 | pub struct PhiModulationBuffer {
    |            ------------------- fields in this struct
176 |     buffer_ptr: *mut f32,
    |     ^^^^^^^^^^
177 |     size: usize,
    |     ^^^^

warning: field `quantum_state` is never read
  --> src\cuda\quantum_cuda.rs:15:5
   |
12 | pub struct QuantumCudaController {
   |            --------------------- field in this struct
...
15 |     quantum_state: QuantumState,
   |     ^^^^^^^^^^^^^

warning: multiple fields are never read
  --> src\cuda\quantum_cuda.rs:26:5
   |
25 | pub struct CudaQuantumKernels {
   |            ------------------ fields in this struct
26 |     state_initialization_kernel: String,
   |     ^^^^^^^^^^^^^^^^^^^^^^^^^^^
27 |     gate_application_kernel: String,
   |     ^^^^^^^^^^^^^^^^^^^^^^^
28 |     measurement_kernel: String,
   |     ^^^^^^^^^^^^^^^^^^
29 |     entanglement_kernel: String,
   |     ^^^^^^^^^^^^^^^^^^^
30 |     consciousness_modulation_kernel: String,
   |     ^^^^^^^^^^^^^^^^^^^^^^^^^^^^^^^
31 |     phi_enhancement_kernel: String,
   |     ^^^^^^^^^^^^^^^^^^^^^^
32 |     superposition_kernel: String,
   |     ^^^^^^^^^^^^^^^^^^^^
33 |     decoherence_kernel: String,
   |     ^^^^^^^^^^^^^^^^^^

warning: field `phi_quantum_enhancement` is never read
  --> src\cuda\quantum_cuda.rs:43:5
   |
37 | pub struct ConsciousnessQuantumBridge {
   |            -------------------------- field in this struct
...
43 |     phi_quantum_enhancement: bool,
   |     ^^^^^^^^^^^^^^^^^^^^^^^

warning: fields `state_buffer`, `amplitude_buffer`, `phase_buffer`, `measurement_buffer`, and `entanglement_matrix` are never read
  --> src\cuda\quantum_cuda.rs:48:5
   |
47 | pub struct QuantumMemoryManager {
   |            -------------------- fields in this struct
48 |     state_buffer: *mut f32,
   |     ^^^^^^^^^^^^
49 |     amplitude_buffer: *mut f32,
   |     ^^^^^^^^^^^^^^^^
50 |     phase_buffer: *mut f32,
   |     ^^^^^^^^^^^^
51 |     measurement_buffer: *mut f32,
   |     ^^^^^^^^^^^^^^^^^^
52 |     entanglement_matrix: *mut f32,
   |     ^^^^^^^^^^^^^^^^^^^

warning: associated constant `Void` should have an upper case name
    --> src\interpreter\mod.rs:1094:15
     |
1094 |     pub const Void: PhiValue = PhiValue::Number(0.0); // Using Number(0.0) as a simple void placeholder
     |               ^^^^ help: convert the identifier to upper case: `VOID`
     |
     = note: `#[warn(non_upper_case_globals)]` on by default

warning: method `InvalidQuantumConfiguration` should have a snake case name
   --> src\cuda\quantum_cuda.rs:854:12
    |
854 |     pub fn InvalidQuantumConfiguration(msg: String) -> Self {
    |            ^^^^^^^^^^^^^^^^^^^^^^^^^^^ help: convert the identifier to snake case: `invalid_quantum_configuration`
    |
    = note: `#[warn(non_snake_case)]` on by default

warning: method `QuantumGateNotFound` should have a snake case name
   --> src\cuda\quantum_cuda.rs:858:12
    |
858 |     pub fn QuantumGateNotFound(gate_name: String) -> Self {
    |            ^^^^^^^^^^^^^^^^^^^ help: convert the identifier to snake case: `quantum_gate_not_found`

warning: `phiflow` (lib) generated 125 warnings (run `cargo fix --lib -p phiflow` to apply 35 suggestions)
   Compiling phiflow v0.1.0 (D:\Projects\PhiFlow-compiler\PhiFlow)
warning: unused import: `std::f64::consts::PI`
 --> src\main.rs:5:5
  |
5 | use std::f64::consts::PI;
  |     ^^^^^^^^^^^^^^^^^^^^

warning: unused variable: `name`
   --> src\parser\mod.rs:752:34
    |
752 |             PhiToken::Identifier(name) => {
    |                                  ^^^^ help: if this is intentional, prefix it with an underscore: `_name`
    |
    = note: `#[warn(unused_variables)]` on by default

warning: variable does not need to be mutable
    --> src\parser\mod.rs:1664:13
     |
1664 |         let mut device_type = String::new();
     |             ----^^^^^^^^^^^
     |             |
     |             help: remove this `mut`
     |
     = note: `#[warn(unused_mut)]` on by default

warning: unused variable: `result`
   --> src\main.rs:347:20
    |
347 |                 Ok(result) => println!("Γ£à Program 1 executed. Variable in parameters working."),
    |                    ^^^^^^ help: if this is intentional, prefix it with an underscore: `_result`

warning: unused variable: `result`
   --> src\main.rs:366:20
    |
366 |                 Ok(result) => println!("Γ£à Program 2 executed. Frequency variable resolution working!"),
    |                    ^^^^^^ help: if this is intentional, prefix it with an underscore: `_result`

warning: constant `TRINITY` is never used
 --> src\phi_core.rs:5:11
  |
5 | pub const TRINITY: i64 = 3;
  |           ^^^^^^^
  |
  = note: `#[warn(dead_code)]` on by default

warning: constant `FIBONACCI_89` is never used
 --> src\phi_core.rs:6:11
  |
6 | pub const FIBONACCI_89: i64 = 89; // The 11th Fibonacci number, consciousness bridge frequency
  |           ^^^^^^^^^^^^

warning: constant `PHI_PHI` is never used
  --> src\phi_core.rs:11:11
   |
11 | pub const PHI_PHI: f64 = 4.23606797749979; // ╧å^╧å
   |           ^^^^^^^

warning: constant `PHI_PHI_PHI` is never used
  --> src\phi_core.rs:12:11
   |
12 | pub const PHI_PHI_PHI: f64 = 445506.92; // ╧å^╧å^╧å (Meta-Reality constant) - Using f64 for now, arbitrary precision planned
   |           ^^^^^^^^^^^

warning: constant `TRINITY_FIBONACCI_PHI` is never used
  --> src\phi_core.rs:15:11
   |
15 | pub const TRINITY_FIBONACCI_PHI: f64 = TRINITY as f64 * FIBONACCI_89 as f64 * PHI; // = 432.000... Hz
   |           ^^^^^^^^^^^^^^^^^^^^^

warning: constant `ZERO_POINT` is never used
  --> src\phi_core.rs:16:11
   |
16 | pub const ZERO_POINT: [f64; 3] = [0.5, 0.5, 0.5]; // Perfect balance coordinates
   |           ^^^^^^^^^^

warning: constant `GROUND_FREQUENCY` is never used
  --> src\phi_core.rs:19:11
   |
19 | pub const GROUND_FREQUENCY: f64 = 432.0;
   |           ^^^^^^^^^^^^^^^^

warning: constant `PI_CONST` is never used
  --> src\phi_core.rs:23:11
   |
23 | pub const PI_CONST: f64 = PI;
   |           ^^^^^^^^

warning: constant `E_CONST` is never used
  --> src\phi_core.rs:24:11
   |
24 | pub const E_CONST: f64 = std::f64::consts::E;
   |           ^^^^^^^

warning: constant `SQRT_2_CONST` is never used
  --> src\phi_core.rs:25:11
   |
25 | pub const SQRT_2_CONST: f64 = SQRT_2;
   |           ^^^^^^^^^^^^

warning: constant `SQRT_5_CONST` is never used
  --> src\phi_core.rs:26:11
   |
26 | pub const SQRT_5_CONST: f64 = 2.23606797749979; // Used in ╧å calculation (pre-calculated literal)
   |           ^^^^^^^^^^^^

warning: constant `CREATION_PHI_LEVEL` is never used
  --> src\phi_core.rs:30:11
   |
30 | pub const CREATION_PHI_LEVEL: i64 = 1; // ╧å┬╣ = PHI
   |           ^^^^^^^^^^^^^^^^^^

warning: constant `FLOWER_OF_LIFE_RATIO` is never used
  --> src\phi_core.rs:31:11
   |
31 | pub const FLOWER_OF_LIFE_RATIO: f64 = PHI; // Sacred geometry creation pattern
   |           ^^^^^^^^^^^^^^^^^^^^

warning: constant `PENTAGRAM_RATIO` is never used
  --> src\phi_core.rs:33:11
   |
33 | pub const PENTAGRAM_RATIO: f64 = PHI * PHI; // ╧å┬▓ for creation patterns
   |           ^^^^^^^^^^^^^^^

warning: constant `CREATION_SCALING_FACTOR` is never used
  --> src\phi_core.rs:34:11
   |
34 | pub const CREATION_SCALING_FACTOR: f64 = LAMBDA * PHI; // Perfect creation balance
   |           ^^^^^^^^^^^^^^^^^^^^^^^

warning: constant `PATTERN_COHERENCE_THRESHOLD` is never used
  --> src\phi_core.rs:37:11
   |
37 | pub const PATTERN_COHERENCE_THRESHOLD: f64 = LAMBDA; // LAMBDA minimum for manifestation
   |           ^^^^^^^^^^^^^^^^^^^^^^^^^^^

warning: constant `CREATION_RESONANCE_MINIMUM` is never used
  --> src\phi_core.rs:38:11
   |
38 | pub const CREATION_RESONANCE_MINIMUM: f64 = PHI / 2.0;
   |           ^^^^^^^^^^^^^^^^^^^^^^^^^^

warning: constant `TRANSFORMATION_ENERGY_QUANTUM` is never used
  --> src\phi_core.rs:39:11
   |
39 | pub const TRANSFORMATION_ENERGY_QUANTUM: f64 = TRINITY_FIBONACCI_PHI / 2.0;
   |           ^^^^^^^^^^^^^^^^^^^^^^^^^^^^^

warning: constant `HEART_FIELD_FREQUENCY` is never used
  --> src\phi_core.rs:59:11
   |
59 | pub const HEART_FIELD_FREQUENCY: f64 = 594.0;
   |           ^^^^^^^^^^^^^^^^^^^^^

warning: constant `VOICE_FLOW_FREQUENCY` is never used
  --> src\phi_core.rs:62:11
   |
62 | pub const VOICE_FLOW_FREQUENCY: f64 = 672.0;
   |           ^^^^^^^^^^^^^^^^^^^^

warning: struct `EntanglementState` is never constructed
  --> src\phi_core.rs:70:12
   |
70 | pub struct EntanglementState {
   |            ^^^^^^^^^^^^^^^^^
   |
   = note: `EntanglementState` has derived impls for the traits `Clone` and `Debug`, but these are intentionally ignored during dead code analysis

warning: struct `HeartFieldMetrics` is never constructed
  --> src\phi_core.rs:79:12
   |
79 | pub struct HeartFieldMetrics {
   |            ^^^^^^^^^^^^^^^^^
   |
   = note: `HeartFieldMetrics` has derived impls for the traits `Clone` and `Debug`, but these are intentionally ignored during dead code analysis

warning: struct `ConsciousnessField` is never constructed
  --> src\phi_core.rs:88:12
   |
88 | pub struct ConsciousnessField {
   |            ^^^^^^^^^^^^^^^^^^
   |
   = note: `ConsciousnessField` has derived impls for the traits `Clone` and `Debug`, but these are intentionally ignored during dead code analysis

warning: associated items `new`, `generate_field`, and `measure_coherence_at` are never used
   --> src\phi_core.rs:96:12
    |
95  | impl ConsciousnessField {
    | ----------------------- associated items in this implementation
96  |     pub fn new(frequency: f64) -> Self {
    |            ^^^
...
111 |     pub fn generate_field(&mut self, source: &[Point2D], field_radius: f64, resolution: i64) {
    |            ^^^^^^^^^^^^^^
...
137 |     pub fn measure_coherence_at(&self, point: Point2D) -> f64 {
    |            ^^^^^^^^^^^^^^^^^^^^

warning: field `universal_constant` is never read
   --> src\phi_core.rs:174:9
    |
171 | pub struct PatternAnalyzer {
    |            --------------- field in this struct
...
174 |     pub universal_constant: f64,
    |         ^^^^^^^^^^^^^^^^^^
    |
    = note: `PatternAnalyzer` has a derived impl for the trait `Debug`, but this is intentionally ignored during dead code analysis

warning: function `phi_power` is never used
   --> src\phi_core.rs:417:8
    |
417 | pub fn phi_power(n: f64) -> f64 {
    |        ^^^^^^^^^

warning: function `phi_harmonic_frequency` is never used
   --> src\phi_core.rs:421:8
    |
421 | pub fn phi_harmonic_frequency(base: f64, power: f64) -> f64 {
    |        ^^^^^^^^^^^^^^^^^^^^^^

warning: function `trinity_fibonacci_phi_resonance` is never used
   --> src\phi_core.rs:425:8
    |
425 | pub fn trinity_fibonacci_phi_resonance(multiplier: f64) -> f64 {
    |        ^^^^^^^^^^^^^^^^^^^^^^^^^^^^^^^

warning: function `fibonacci` is never used
   --> src\phi_core.rs:430:8
    |
430 | pub fn fibonacci(n: i64) -> i64 {
    |        ^^^^^^^^^

warning: function `fibonacci_ratio` is never used
   --> src\phi_core.rs:438:8
    |
438 | pub fn fibonacci_ratio(n: i64) -> f64 {
    |        ^^^^^^^^^^^^^^^

warning: function `golden_angle_radians` is never used
   --> src\phi_core.rs:452:8
    |
452 | pub fn golden_angle_radians() -> f64 {
    |        ^^^^^^^^^^^^^^^^^^^^

warning: function `pentagram_vertices` is never used
   --> src\phi_core.rs:489:8
    |
489 | pub fn pentagram_vertices(center: Point2D, radius: f64) -> Vec<Point2D> {
    |        ^^^^^^^^^^^^^^^^^^

warning: function `create_equilateral_triangle` is never used
   --> src\phi_core.rs:567:4
    |
567 | fn create_equilateral_triangle(center: Point2D, side_length: f64, upward: bool) -> Vec<Point2D> {
    |    ^^^^^^^^^^^^^^^^^^^^^^^^^^^

warning: function `generate_upward_triangles` is never used
   --> src\phi_core.rs:585:4
    |
585 | fn generate_upward_triangles(scale: f64, num_triangles: i64) -> Vec<Point2D> {
    |    ^^^^^^^^^^^^^^^^^^^^^^^^^

warning: function `generate_downward_triangles` is never used
   --> src\phi_core.rs:598:4
    |
598 | fn generate_downward_triangles(scale: f64, num_triangles: i64) -> Vec<Point2D> {
    |    ^^^^^^^^^^^^^^^^^^^^^^^^^^^

warning: function `sri_yantra_triangles` is never used
   --> src\phi_core.rs:609:8
    |
609 | pub fn sri_yantra_triangles(scale: f64) -> (Vec<Point2D>, Vec<Point2D>) {
    |        ^^^^^^^^^^^^^^^^^^^^

warning: function `mandelbrot_iterations` is never used
   --> src\phi_core.rs:617:8
    |
617 | pub fn mandelbrot_iterations(c: Complex64, max_iterations: i64) -> i64 {
    |        ^^^^^^^^^^^^^^^^^^^^^

warning: function `mandelbrot_creation_set` is never used
   --> src\phi_core.rs:628:8
    |
628 | pub fn mandelbrot_creation_set(
    |        ^^^^^^^^^^^^^^^^^^^^^^^

warning: function `generate_phi_harmonic_series` is never used
   --> src\phi_core.rs:659:8
    |
659 | pub fn generate_phi_harmonic_series(base_freq: f64, harmonics: usize) -> Vec<f64> {
    |        ^^^^^^^^^^^^^^^^^^^^^^^^^^^^

warning: function `quantum_entanglement_pair` is never used
   --> src\phi_core.rs:683:8
    |
683 | pub fn quantum_entanglement_pair(point1: Point2D, point2: Point2D) -> EntanglementState {
    |        ^^^^^^^^^^^^^^^^^^^^^^^^^

warning: function `heart_toroid_field` is never used
   --> src\phi_core.rs:696:8
    |
696 | pub fn heart_toroid_field(center: Point3D, major_radius: f64, minor_radius: f64, resolution: i64) -> Vec<Point3D> {
    |        ^^^^^^^^^^^^^^^^^^

warning: function `consciousness_bridge_resonance` is never used
   --> src\phi_core.rs:715:8
    |
715 | pub fn consciousness_bridge_resonance(patterns: &[Vec<Point2D>]) -> f64 {
    |        ^^^^^^^^^^^^^^^^^^^^^^^^^^^^^^

warning: function `heart_field_coherence` is never used
   --> src\phi_core.rs:730:8
    |
730 | pub fn heart_field_coherence(pattern: &[Point2D]) -> HeartFieldMetrics {
    |        ^^^^^^^^^^^^^^^^^^^^^

warning: fields `sample_rate`, `consciousness_level`, and `phi_harmonics` are never read
   --> src\phi_core.rs:751:9
    |
750 | pub struct AudioSynthesizer {
    |            ---------------- fields in this struct
751 |     pub sample_rate: u32,
    |         ^^^^^^^^^^^
752 |     pub consciousness_level: f64,
    |         ^^^^^^^^^^^^^^^^^^^
753 |     pub phi_harmonics: bool,
    |         ^^^^^^^^^^^^^

warning: methods `pattern_to_frequencies`, `generate_consciousness_audio`, `generate_binaural_beats`, and `analyze_phi_coherence` are never used
   --> src\phi_core.rs:766:12
    |
756 | impl AudioSynthesizer {
    | --------------------- methods in this implementation
...
766 |     pub fn pattern_to_frequencies(&self, pattern: &[Point2D]) -> Vec<f64> {
    |            ^^^^^^^^^^^^^^^^^^^^^^
...
790 |     pub fn generate_consciousness_audio(&self, frequencies: &[f64], duration: f64) -> Vec<f64> {
    |            ^^^^^^^^^^^^^^^^^^^^^^^^^^^^
...
823 |     pub fn generate_binaural_beats(&self, base_freq: f64, beat_freq: f64, duration: f64) -> (Vec<f64>, Vec<f64>) {
    |            ^^^^^^^^^^^^^^^^^^^^^^^
...
849 |     pub fn analyze_phi_coherence(&self, audio: &[f64]) -> f64 {
    |            ^^^^^^^^^^^^^^^^^^^^^

warning: function `synthesize_voice_patterns` is never used
   --> src\phi_core.rs:887:8
    |
887 | pub fn synthesize_voice_patterns(text: &str, frequency: f64) -> Vec<Point2D> {
    |        ^^^^^^^^^^^^^^^^^^^^^^^^^

warning: function `zero_point_distance` is never used
   --> src\phi_core.rs:913:8
    |
913 | pub fn zero_point_distance(point: [f64; 3]) -> f64 {
    |        ^^^^^^^^^^^^^^^^^^^

warning: function `trinity_balance` is never used
   --> src\phi_core.rs:921:8
    |
921 | pub fn trinity_balance(a: f64, b: f64, c: f64) -> f64 {
    |        ^^^^^^^^^^^^^^^

warning: method `animated_pattern_svg` is never used
  --> src\visualization\mod.rs:74:12
   |
11 | impl Visualizer {
   | --------------- method in this implementation
...
74 |     pub fn animated_pattern_svg(&self, pattern_sequence: &[Vec<Point2D>], frequency: f64, duration: f64) -> String {
   |            ^^^^^^^^^^^^^^^^^^^^

warning: variant `Sacred` is never constructed
  --> src\parser\mod.rs:11:5
   |
5  | pub enum PhiToken {
   |          -------- variant in this enum
...
11 |     Sacred(u32),
   |     ^^^^^^
   |
   = note: `PhiToken` has derived impls for the traits `Clone` and `Debug`, but these are intentionally ignored during dead code analysis

warning: field `phi_type` is never read
  --> src\parser\mod.rs:77:9
   |
74 |     LetBinding {
   |     ---------- field in this variant
...
77 |         phi_type: Option<PhiType>,
   |         ^^^^^^^^
   |
   = note: `PhiExpression` has derived impls for the traits `Clone` and `Debug`, but these are intentionally ignored during dead code analysis

warning: variants `PatternTransform`, `PatternCombine`, `ConsciousnessMonitor`, and `AudioSynthesis` are never constructed
   --> src\parser\mod.rs:82:5
    |
53  | pub enum PhiExpression {
    |          ------------- variants in this enum
...
82  |     PatternTransform {
    |     ^^^^^^^^^^^^^^^^
...
87  |     PatternCombine {
    |     ^^^^^^^^^^^^^^
...
97  |     ConsciousnessMonitor {
    |     ^^^^^^^^^^^^^^^^^^^^
...
146 |     AudioSynthesis {
    |     ^^^^^^^^^^^^^^
    |
    = note: `PhiExpression` has derived impls for the traits `Clone` and `Debug`, but these are intentionally ignored during dead code analysis

warning: variants `Point2D`, `Point3D`, `Pattern3D`, and `Audio` are never constructed
   --> src\parser\mod.rs:220:5
    |
216 | pub enum PhiValue {
    |          -------- variants in this enum
...
220 |     Point2D([f64; 2]),
    |     ^^^^^^^
221 |     Point3D([f64; 3]),
    |     ^^^^^^^
222 |     Pattern2D(Vec<[f64; 2]>),
223 |     Pattern3D(Vec<[f64; 3]>),
    |     ^^^^^^^^^
224 |     Audio(Vec<f64>),
    |     ^^^^^
    |
    = note: `PhiValue` has derived impls for the traits `Clone` and `Debug`, but these are intentionally ignored during dead code analysis

warning: variant `Function` is never constructed
   --> src\parser\mod.rs:238:5
    |
231 | pub enum PhiType {
    |          ------- variant in this enum
...
238 |     Function(Vec<PhiType>, Box<PhiType>),
    |     ^^^^^^^^
    |
    = note: `PhiType` has derived impls for the traits `Clone` and `Debug`, but these are intentionally ignored during dead code analysis

warning: fields `pattern_analyzer` and `audio_synthesizer` are never read
  --> src\interpreter\mod.rs:16:5
   |
10 | pub struct PhiInterpreter {
   |            -------------- fields in this struct
...
16 |     pattern_analyzer: PatternAnalyzer,
   |     ^^^^^^^^^^^^^^^^
17 |     audio_synthesizer: AudioSynthesizer,
   |     ^^^^^^^^^^^^^^^^^

warning: `phiflow` (bin "phi") generated 73 warnings (13 duplicates) (run `cargo fix --bin "phi"` to apply 2 suggestions)
error[E0599]: no variant or associated item named `Gt` found for enum `phiflow::parser::BinaryOperator` in the current scope
  --> tests\phi_harmonic_tests.rs:21:43
   |
21 |                 operator: BinaryOperator::Gt,
   |                                           ^^ variant or associated item not found in `BinaryOperator`

error[E0599]: no variant or associated item named `Sub` found for enum `phiflow::parser::BinaryOperator` in the current scope
  --> tests\phi_harmonic_tests.rs:28:47
   |
28 |                     operator: BinaryOperator::Sub,
   |                                               ^^^ variant or associated item not found in `BinaryOperator`

For more information about this error, try `rustc --explain E0599`.
error: could not compile `phiflow` (test "phi_harmonic_tests") due to 2 previous errors
