[2025-02-25 00:57:10] [INFO] [432Hz] [φ=1.618] Initializing quantum build system
[2025-02-25 00:57:10] [INFO] [768Hz] [φ=1.618] Measuring quantum performance for ALL
[2025-02-25 00:57:11] [INFO] [768Hz] [φ=1.618] Initializing audio system...
[2025-02-25 00:57:11] [WARNING] [768Hz] [φ=1.618] Warning: Admin rights required to apply audio policy
[2025-02-25 00:57:11] [INFO] [768Hz] [φ=1.618] Checking quantum dependencies...
[2025-02-25 00:57:13] [INFO] [768Hz] [φ=1.618]  Rust detected: rustc 1.82.0 (f6e511eec 2024-10-15)
[2025-02-25 00:57:16] [INFO] [768Hz] [φ=1.618]  Cargo detected: cargo 1.82.0 (8f40fc59f 2024-08-21)
[2025-02-25 00:57:18] [INFO] [768Hz] [φ=1.618] Choose Your Quantum Path:
[2025-02-25 00:57:18] [INFO] [768Hz] [φ=1.618] 1.  Build All (Ground -> Create -> Unity)
[2025-02-25 00:57:18] [INFO] [768Hz] [φ=1.618] 2.  Run Animated Quantum Buttons
[2025-02-25 00:57:18] [INFO] [768Hz] [φ=1.618] 3.  Run Greg's Button Dance
[2025-02-25 00:57:18] [INFO] [768Hz] [φ=1.618] 4.  Build Release
[2025-02-25 00:57:18] [INFO] [768Hz] [φ=1.618] 5.  Exit
[2025-02-25 00:57:26] [INFO] [768Hz] [φ=1.618] Initializing hardware optimization at 768 Hz
[2025-02-25 00:57:26] [INFO] [528Hz] [φ=1.618] Starting task: GPU Optimization
[2025-02-25 00:57:26] [INFO] [854.322Hz] [φ=1.618] Task completed: GPU Optimization (Coherence: 0.00514625812792698)
[2025-02-25 00:57:26] [INFO] [432Hz] [φ=1.618] Starting task: CPU Optimization
[2025-02-25 00:57:27] [INFO] [698.9907Hz] [φ=1.618] Task completed: CPU Optimization (Coherence: 0.0120802535213415)
[2025-02-25 00:57:27] [INFO] [594Hz] [φ=1.618] Starting task: Memory Optimization
[2025-02-25 00:57:28] [INFO] [432Hz] [φ=1.618] Initializing quantum build system
[2025-02-25 00:57:28] [INFO] [768Hz] [φ=1.618] Measuring quantum performance for ALL
[2025-02-25 00:57:28] [INFO] [768Hz] [φ=1.618] Testing quantum resonance at 432 Hz
[2025-02-25 00:57:28] [INFO] [768Hz] [φ=1.618] Measuring quantum performance for ALL
[2025-02-25 00:57:29] [WARN] [768Hz] [φ=1.618] Quantum resonance below threshold: -0
[2025-02-25 00:57:29] [INFO] [432Hz] [φ=1.618] Build metrics captured for stage: Initialize
[2025-02-25 00:57:29] [INFO] [768Hz] [φ=1.618] Initializing audio system...
[2025-02-25 00:57:29] [WARNING] [768Hz] [φ=1.618] Warning: Admin rights required to apply audio policy
[2025-02-25 00:57:29] [INFO] [768Hz] [φ=1.618] Checking quantum dependencies...
[2025-02-25 00:57:32] [INFO] [768Hz] [φ=1.618]  Rust detected: rustc 1.82.0 (f6e511eec 2024-10-15)
[2025-02-25 00:57:34] [INFO] [768Hz] [φ=1.618]  Cargo detected: cargo 1.82.0 (8f40fc59f 2024-08-21)
[2025-02-25 00:57:36] [INFO] [768Hz] [φ=1.618] Choose Your Quantum Path:
[2025-02-25 00:57:36] [INFO] [768Hz] [φ=1.618] 1.  Build All (Ground -> Create -> Unity)
[2025-02-25 00:57:36] [INFO] [768Hz] [φ=1.618] 2.  Run Animated Quantum Buttons
[2025-02-25 00:57:36] [INFO] [768Hz] [φ=1.618] 3.  Run Greg's Button Dance
[2025-02-25 00:57:36] [INFO] [768Hz] [φ=1.618] 4.  Build Release
[2025-02-25 00:57:36] [INFO] [768Hz] [φ=1.618] 5.  Exit
[2025-02-25 00:57:47] [INFO] [432Hz] [φ=1.618] Initializing quantum build system
[2025-02-25 00:57:47] [INFO] [768Hz] [φ=1.618] Measuring quantum performance for ALL
[2025-02-25 00:57:47] [INFO] [768Hz] [φ=1.618] Testing quantum resonance at 432 Hz
[2025-02-25 00:57:47] [INFO] [768Hz] [φ=1.618] Measuring quantum performance for ALL
[2025-02-25 00:57:47] [WARN] [768Hz] [φ=1.618] Quantum resonance below threshold: -0
[2025-02-25 00:57:47] [INFO] [432Hz] [φ=1.618] Build metrics captured for stage: Initialize
[2025-02-25 00:57:47] [INFO] [768Hz] [φ=1.618] Initializing audio system...
[2025-02-25 00:57:47] [WARNING] [768Hz] [φ=1.618] Warning: Admin rights required to apply audio policy
[2025-02-25 00:57:47] [INFO] [768Hz] [φ=1.618] Checking quantum dependencies...
[2025-02-25 00:57:51] [INFO] [768Hz] [φ=1.618]  Rust detected: rustc 1.82.0 (f6e511eec 2024-10-15)
[2025-02-25 00:57:54] [INFO] [768Hz] [φ=1.618]  Cargo detected: cargo 1.82.0 (8f40fc59f 2024-08-21)
[2025-02-25 00:57:56] [INFO] [768Hz] [φ=1.618] Choose Your Quantum Path:
[2025-02-25 00:57:56] [INFO] [768Hz] [φ=1.618] 1.  Build All (Ground -> Create -> Unity)
[2025-02-25 00:57:56] [INFO] [768Hz] [φ=1.618] 2.  Run Animated Quantum Buttons
[2025-02-25 00:57:57] [INFO] [768Hz] [φ=1.618] 3.  Run Greg's Button Dance
[2025-02-25 00:57:57] [INFO] [768Hz] [φ=1.618] 4.  Build Release
[2025-02-25 00:57:57] [INFO] [768Hz] [φ=1.618] 5.  Exit
[2025-02-25 00:58:04] [INFO] [768Hz] [φ=1.618] Quantum Flow Complete!
[2025-02-25 00:58:04] [INFO] [432Hz] [φ=1.618] Initializing quantum build system
[2025-02-25 00:58:04] [INFO] [768Hz] [φ=1.618] Measuring quantum performance for ALL
[2025-02-25 00:58:08] [INFO] [768Hz] [φ=1.618] Testing quantum resonance at 432 Hz
[2025-02-25 00:58:08] [INFO] [768Hz] [φ=1.618] Measuring quantum performance for ALL
[2025-02-25 00:58:10] [WARN] [768Hz] [φ=1.618] Quantum resonance below threshold: 0.680872482839687
[2025-02-25 00:58:10] [INFO] [432Hz] [φ=1.618] Build metrics captured for stage: Initialize
[2025-02-25 00:58:10] [INFO] [768Hz] [φ=1.618] Initializing audio system...
[2025-02-25 00:58:10] [WARNING] [768Hz] [φ=1.618] Warning: Admin rights required to apply audio policy
[2025-02-25 00:58:10] [INFO] [768Hz] [φ=1.618] Checking quantum dependencies...
[2025-02-25 00:58:13] [INFO] [768Hz] [φ=1.618]  Rust detected: rustc 1.82.0 (f6e511eec 2024-10-15)
[2025-02-25 00:58:16] [INFO] [768Hz] [φ=1.618]  Cargo detected: cargo 1.82.0 (8f40fc59f 2024-08-21)
[2025-02-25 00:58:17] [INFO] [768Hz] [φ=1.618] Choose Your Quantum Path:
[2025-02-25 00:58:17] [INFO] [768Hz] [φ=1.618] 1.  Build All (Ground -> Create -> Unity)
[2025-02-25 00:58:17] [INFO] [768Hz] [φ=1.618] 2.  Run Animated Quantum Buttons
[2025-02-25 00:58:17] [INFO] [768Hz] [φ=1.618] 3.  Run Greg's Button Dance
[2025-02-25 00:58:17] [INFO] [768Hz] [φ=1.618] 4.  Build Release
[2025-02-25 00:58:17] [INFO] [768Hz] [φ=1.618] 5.  Exit
