[2025-02-24 23:26:03] [INFO] Initializing audio system...
[2025-02-24 23:26:03] [WARNING] Warning: Admin rights required to apply audio policy
[2025-02-24 23:26:03] [INFO] Checking quantum dependencies...
[2025-02-24 23:26:08] [INFO]  Rust detected: rustc 1.82.0 (f6e511eec 2024-10-15)
[2025-02-24 23:26:11] [INFO]  Cargo detected: cargo 1.82.0 (8f40fc59f 2024-08-21)
[2025-02-24 23:26:11] [INFO] Choose Your Quantum Path:
[2025-02-24 23:26:11] [INFO] 1.  Build All (Ground -> Create -> Unity)
[2025-02-24 23:26:11] [INFO] 2.  Run Animated Quantum Buttons
[2025-02-24 23:26:12] [INFO] 3.  Run Greg's Button Dance
[2025-02-24 23:26:12] [INFO] 4.  Build Release
[2025-02-24 23:26:12] [INFO] 5.  Exit
[2025-02-24 23:45:37] [INFO] Harmonizing at 432 Hz...
[2025-02-24 23:45:37] [INFO] Cleaning previous build artifacts...
[2025-02-24 23:45:37] [INFO] Waiting for processes to terminate...
[2025-02-24 23:45:42] [INFO] Removing build artifacts (attempt 1)...
[2025-02-24 23:45:42] [INFO] Cleaning cargo...
[2025-02-24 23:45:46] [INFO] Waiting for file system...
[2025-02-24 23:45:48] [INFO] Creating at 528 Hz...
[2025-02-24 23:45:58] [INFO] Building... (10 seconds elapsed)
[2025-02-24 23:45:58] [WARNING] Build failed. Retrying in 30 seconds (attempt 2 of 3)...
[2025-02-24 23:45:58] [WARNING] Error details: Build failed with exit code 101
[2025-02-24 23:46:28] [INFO] Cleaning previous build artifacts...
[2025-02-24 23:46:28] [INFO] Waiting for processes to terminate...
[2025-02-24 23:46:33] [INFO] Removing build artifacts (attempt 1)...
[2025-02-24 23:46:33] [INFO] Cleaning cargo...
[2025-02-24 23:46:36] [INFO] Waiting for file system...
[2025-02-24 23:46:49] [INFO] Building... (10 seconds elapsed)
[2025-02-24 23:46:49] [WARNING] Build failed. Retrying in 30 seconds (attempt 3 of 3)...
[2025-02-24 23:46:49] [WARNING] Error details: Build failed with exit code 101
[2025-02-24 23:47:19] [INFO] Cleaning previous build artifacts...
[2025-02-24 23:47:19] [INFO] Waiting for processes to terminate...
[2025-02-24 23:47:24] [INFO] Removing build artifacts (attempt 1)...
[2025-02-24 23:47:24] [INFO] Cleaning cargo...
[2025-02-24 23:47:27] [INFO] Waiting for file system...
[2025-02-24 23:47:39] [INFO] Building... (10 seconds elapsed)
[2025-02-24 23:47:39] [ERROR] Build failed after 3 attempts: Build failed with exit code 101
[2025-02-24 23:47:39] [ERROR] Last build output:
