[2025-02-24 23:12:36] [INFO] Initializing audio system...
[2025-02-24 23:12:36] [WARNING] Warning: Admin rights required to apply audio policy
[2025-02-24 23:12:36] [INFO] Checking quantum dependencies...
[2025-02-24 23:12:40] [INFO]  Rust detected: rustc 1.82.0 (f6e511eec 2024-10-15)
[2025-02-24 23:12:43] [INFO]  Cargo detected: cargo 1.82.0 (8f40fc59f 2024-08-21)
[2025-02-24 23:12:43] [INFO] Choose Your Quantum Path:
[2025-02-24 23:12:43] [INFO] 1.  Build All (Ground -> Create -> Unity)
[2025-02-24 23:12:43] [INFO] 2.  Run Animated Quantum Buttons
[2025-02-24 23:12:43] [INFO] 3.  Run Greg's Button Dance
[2025-02-24 23:12:43] [INFO] 4.  Build Release
[2025-02-24 23:12:43] [INFO] 5.  Exit
[2025-02-24 23:13:16] [INFO] Harmonizing at 432 Hz...
[2025-02-24 23:13:16] [INFO] Cleaning previous build artifacts...
[2025-02-24 23:13:16] [INFO] Waiting for processes to terminate...
[2025-02-24 23:13:21] [INFO] Removing build artifacts (attempt 1)...
[2025-02-24 23:13:21] [INFO] Cleaning cargo...
[2025-02-24 23:13:26] [INFO] Waiting for file system...
[2025-02-24 23:13:28] [INFO] Creating at 528 Hz...
[2025-02-24 23:13:48] [WARNING] Build failed. Retrying in 10 seconds (attempt 2 of 3)...
[2025-02-24 23:17:16] [WARNING] Build failed. Retrying in 10 seconds (attempt 3 of 3)...
[2025-02-24 23:22:26] [ERROR] Build failed after 3 attempts: Build timed out
