[2025-02-24 23:23:00] [INFO] Initializing audio system...
[2025-02-24 23:23:00] [WARNING] Warning: Admin rights required to apply audio policy
[2025-02-24 23:23:00] [INFO] Checking quantum dependencies...
[2025-02-24 23:23:04] [INFO]  Rust detected: rustc 1.82.0 (f6e511eec 2024-10-15)
[2025-02-24 23:23:08] [INFO]  Cargo detected: cargo 1.82.0 (8f40fc59f 2024-08-21)
[2025-02-24 23:23:08] [INFO] Choose Your Quantum Path:
[2025-02-24 23:23:08] [INFO] 1.  Build All (Ground -> Create -> Unity)
[2025-02-24 23:23:08] [INFO] 2.  Run Animated Quantum Buttons
[2025-02-24 23:23:08] [INFO] 3.  Run Greg's Button Dance
[2025-02-24 23:23:08] [INFO] 4.  Build Release
[2025-02-24 23:23:08] [INFO] 5.  Exit
[2025-02-24 23:23:13] [INFO] Harmonizing at 432 Hz...
[2025-02-24 23:23:13] [INFO] Cleaning previous build artifacts...
[2025-02-24 23:23:13] [INFO] Waiting for processes to terminate...
[2025-02-24 23:23:18] [INFO] Removing build artifacts (attempt 1)...
[2025-02-24 23:23:18] [INFO] Cleaning cargo...
[2025-02-24 23:23:22] [INFO] Waiting for file system...
[2025-02-24 23:23:24] [INFO] Creating at 528 Hz...
[2025-02-24 23:23:34] [INFO] Building... (10 seconds elapsed)
[2025-02-24 23:23:34] [WARNING] Build failed. Retrying in 30 seconds (attempt 2 of 3)...
[2025-02-24 23:23:34] [WARNING] Error details: Build failed with exit code 101
[2025-02-24 23:24:04] [INFO] Cleaning previous build artifacts...
[2025-02-24 23:24:04] [INFO] Waiting for processes to terminate...
[2025-02-24 23:24:09] [INFO] Removing build artifacts (attempt 1)...
[2025-02-24 23:24:09] [INFO] Cleaning cargo...
[2025-02-24 23:24:13] [INFO] Waiting for file system...
[2025-02-24 23:24:25] [INFO] Building... (10 seconds elapsed)
[2025-02-24 23:24:25] [WARNING] Build failed. Retrying in 30 seconds (attempt 3 of 3)...
[2025-02-24 23:24:25] [WARNING] Error details: Build failed with exit code 101
[2025-02-24 23:24:55] [INFO] Cleaning previous build artifacts...
[2025-02-24 23:24:55] [INFO] Waiting for processes to terminate...
[2025-02-24 23:25:00] [INFO] Removing build artifacts (attempt 1)...
[2025-02-24 23:25:00] [INFO] Cleaning cargo...
[2025-02-24 23:25:03] [INFO] Waiting for file system...
[2025-02-24 23:25:15] [INFO] Building... (10 seconds elapsed)
[2025-02-24 23:25:15] [ERROR] Build failed after 3 attempts: Build failed with exit code 101
[2025-02-24 23:25:15] [ERROR] Last build output:
