[2025-02-24 23:48:14] [INFO] Initializing audio system...
[2025-02-24 23:48:14] [WARNING] Warning: Admin rights required to apply audio policy
[2025-02-24 23:48:14] [INFO] Checking quantum dependencies...
[2025-02-24 23:48:19] [INFO]  Rust detected: rustc 1.82.0 (f6e511eec 2024-10-15)
[2025-02-24 23:48:23] [INFO]  Cargo detected: cargo 1.82.0 (8f40fc59f 2024-08-21)
[2025-02-24 23:48:23] [INFO] Choose Your Quantum Path:
[2025-02-24 23:48:23] [INFO] 1.  Build All (Ground -> Create -> Unity)
[2025-02-24 23:48:23] [INFO] 2.  Run Animated Quantum Buttons
[2025-02-24 23:48:23] [INFO] 3.  Run Greg's Button Dance
[2025-02-24 23:48:23] [INFO] 4.  Build Release
[2025-02-24 23:48:23] [INFO] 5.  Exit
[2025-02-24 23:48:28] [INFO] Harmonizing at 432 Hz...
[2025-02-24 23:48:28] [INFO] Cleaning previous build artifacts...
[2025-02-24 23:48:28] [INFO] Stopping rustc processes...
[2025-02-24 23:48:28] [INFO] Waiting for processes to terminate...
[2025-02-24 23:48:33] [INFO] Removing build artifacts (attempt 1)...
[2025-02-24 23:48:33] [INFO] Cleaning cargo...
[2025-02-24 23:48:37] [INFO] Waiting for file system...
[2025-02-24 23:48:39] [INFO] Creating at 528 Hz...
[2025-02-24 23:48:49] [INFO] Building... (10 seconds elapsed)
[2025-02-24 23:48:49] [WARNING] Build failed. Retrying in 30 seconds (attempt 2 of 3)...
[2025-02-24 23:48:49] [WARNING] Error details: Build failed with exit code 101
[2025-02-24 23:49:19] [INFO] Cleaning previous build artifacts...
[2025-02-24 23:49:19] [INFO] Waiting for processes to terminate...
[2025-02-24 23:49:24] [INFO] Removing build artifacts (attempt 1)...
[2025-02-24 23:49:24] [INFO] Cleaning cargo...
[2025-02-24 23:49:28] [INFO] Waiting for file system...
[2025-02-24 23:49:40] [INFO] Building... (10 seconds elapsed)
[2025-02-24 23:49:40] [WARNING] Build failed. Retrying in 30 seconds (attempt 3 of 3)...
[2025-02-24 23:49:40] [WARNING] Error details: Build failed with exit code 101
[2025-02-24 23:50:10] [INFO] Cleaning previous build artifacts...
[2025-02-24 23:50:10] [INFO] Waiting for processes to terminate...
[2025-02-24 23:50:15] [INFO] Removing build artifacts (attempt 1)...
[2025-02-24 23:50:15] [INFO] Cleaning cargo...
[2025-02-24 23:50:19] [INFO] Waiting for file system...
[2025-02-24 23:50:31] [INFO] Building... (10 seconds elapsed)
[2025-02-24 23:50:31] [ERROR] Build failed after 3 attempts: Build failed with exit code 101
[2025-02-24 23:50:31] [ERROR] Last build output:
